mode: set
newsapps/internal/features/articles/handler/articles.go:18.66,22.2 1 0
newsapps/internal/features/articles/handler/articles.go:25.64,26.35 1 0
newsapps/internal/features/articles/handler/articles.go:26.35,31.17 3 0
newsapps/internal/features/articles/handler/articles.go:31.17,34.4 2 0
newsapps/internal/features/articles/handler/articles.go:36.3,38.34 2 0
newsapps/internal/features/articles/handler/articles.go:38.34,40.4 1 0
newsapps/internal/features/articles/handler/articles.go:42.3,44.16 2 0
newsapps/internal/features/articles/handler/articles.go:44.16,46.4 1 0
newsapps/internal/features/articles/handler/articles.go:48.3,48.81 1 0
newsapps/internal/features/articles/handler/articles.go:53.60,54.36 1 0
newsapps/internal/features/articles/handler/articles.go:54.36,58.17 2 0
newsapps/internal/features/articles/handler/articles.go:58.17,60.4 1 0
newsapps/internal/features/articles/handler/articles.go:62.3,62.77 1 0
newsapps/internal/features/articles/handler/articles.go:67.63,68.36 1 0
newsapps/internal/features/articles/handler/articles.go:68.36,75.17 4 0
newsapps/internal/features/articles/handler/articles.go:75.17,78.4 2 0
newsapps/internal/features/articles/handler/articles.go:80.3,82.34 2 0
newsapps/internal/features/articles/handler/articles.go:82.34,84.4 1 0
newsapps/internal/features/articles/handler/articles.go:86.3,88.16 2 0
newsapps/internal/features/articles/handler/articles.go:88.16,90.4 1 0
newsapps/internal/features/articles/handler/articles.go:92.3,92.77 1 0
newsapps/internal/features/articles/handler/articles.go:97.64,98.36 1 0
newsapps/internal/features/articles/handler/articles.go:98.36,107.17 4 0
newsapps/internal/features/articles/handler/articles.go:107.17,108.37 1 0
newsapps/internal/features/articles/handler/articles.go:108.37,110.5 1 0
newsapps/internal/features/articles/handler/articles.go:111.4,111.71 1 0
newsapps/internal/features/articles/handler/articles.go:114.3,114.37 1 0
newsapps/internal/features/articles/handler/articles.go:114.37,116.4 1 0
newsapps/internal/features/articles/handler/articles.go:119.3,122.16 2 0
newsapps/internal/features/articles/handler/articles.go:122.16,124.4 1 0
newsapps/internal/features/articles/handler/articles.go:125.3,125.77 1 0
newsapps/internal/features/articles/handler/request.go:12.62,19.2 1 0
newsapps/main.go:25.47,33.2 7 0
newsapps/main.go:35.57,41.2 4 0
newsapps/main.go:43.13,46.16 3 0
newsapps/main.go:46.16,49.3 2 0
newsapps/main.go:51.2,53.16 2 0
newsapps/main.go:53.16,56.3 2 0
newsapps/main.go:57.2,67.34 8 0
newsapps/internal/features/articles/repository/data.go:19.56,26.2 1 0
newsapps/internal/features/articles/repository/data.go:28.55,35.2 1 0
newsapps/internal/features/articles/repository/query.go:13.58,17.2 1 0
newsapps/internal/features/articles/repository/query.go:20.66,25.16 3 0
newsapps/internal/features/articles/repository/query.go:25.16,27.3 1 0
newsapps/internal/features/articles/repository/query.go:29.2,29.20 1 0
newsapps/internal/features/articles/repository/query.go:33.74,38.16 3 0
newsapps/internal/features/articles/repository/query.go:38.16,40.3 1 0
newsapps/internal/features/articles/repository/query.go:42.2,42.39 1 0
newsapps/internal/features/articles/repository/query.go:46.76,50.16 3 0
newsapps/internal/features/articles/repository/query.go:50.16,52.3 1 0
newsapps/internal/features/articles/repository/query.go:54.2,54.12 1 0
newsapps/internal/features/articles/repository/query.go:58.88,61.22 2 0
newsapps/internal/features/articles/repository/query.go:61.22,63.3 1 0
newsapps/internal/features/articles/repository/query.go:65.2,65.12 1 0
newsapps/internal/features/articles/repository/query.go:69.55,72.22 2 0
newsapps/internal/features/articles/repository/query.go:72.22,74.3 1 0
newsapps/internal/features/articles/repository/query.go:76.2,76.26 1 0
newsapps/internal/features/articles/repository/query.go:76.26,78.3 1 0
newsapps/internal/features/articles/repository/query.go:80.2,80.12 1 0
newsapps/internal/features/articles/services/service.go:13.63,17.2 1 0
newsapps/internal/features/articles/services/service.go:19.79,23.16 2 0
newsapps/internal/features/articles/services/service.go:23.16,26.3 2 0
newsapps/internal/features/articles/services/service.go:28.2,28.12 1 0
newsapps/internal/features/articles/services/service.go:31.69,34.16 2 0
newsapps/internal/features/articles/services/service.go:34.16,37.3 2 0
newsapps/internal/features/articles/services/service.go:38.2,38.20 1 0
newsapps/internal/features/articles/services/service.go:41.77,44.16 2 0
newsapps/internal/features/articles/services/service.go:44.16,47.3 2 0
newsapps/internal/features/articles/services/service.go:49.2,49.20 1 0
newsapps/internal/features/articles/services/service.go:53.91,57.16 2 0
newsapps/internal/features/articles/services/service.go:57.16,60.3 2 0
newsapps/internal/features/articles/services/service.go:62.2,62.12 1 0
newsapps/internal/features/articles/services/service.go:65.58,68.16 2 0
newsapps/internal/features/articles/services/service.go:68.16,71.3 2 0
newsapps/internal/features/articles/services/service.go:73.2,73.12 1 0
newsapps/configs/config.go:23.30,26.16 3 0
newsapps/configs/config.go:26.16,28.3 1 0
newsapps/configs/config.go:29.2,36.15 7 0
newsapps/configs/config.go:39.45,47.16 3 0
newsapps/configs/config.go:47.16,50.3 2 0
newsapps/configs/config.go:52.2,52.16 1 0
newsapps/internal/helper/response.go:3.72,7.17 4 0
newsapps/internal/helper/response.go:7.17,9.3 1 0
newsapps/internal/helper/response.go:10.2,10.15 1 0
newsapps/internal/routes/reoutes.go:13.69,33.2 9 0
newsapps/mocks/AccountUtilityInterface.go:13.100,16.19 2 0
newsapps/mocks/AccountUtilityInterface.go:16.19,17.64 1 0
newsapps/mocks/AccountUtilityInterface.go:20.2,21.59 2 0
newsapps/mocks/AccountUtilityInterface.go:21.59,23.3 1 0
newsapps/mocks/AccountUtilityInterface.go:23.8,25.3 1 0
newsapps/mocks/AccountUtilityInterface.go:27.2,27.11 1 0
newsapps/mocks/AccountUtilityInterface.go:31.113,34.19 2 0
newsapps/mocks/AccountUtilityInterface.go:34.19,35.59 1 0
newsapps/mocks/AccountUtilityInterface.go:38.2,39.67 2 0
newsapps/mocks/AccountUtilityInterface.go:39.67,41.3 1 0
newsapps/mocks/AccountUtilityInterface.go:41.8,43.3 1 0
newsapps/mocks/AccountUtilityInterface.go:45.2,45.11 1 0
newsapps/mocks/AccountUtilityInterface.go:53.29,57.19 3 0
newsapps/mocks/AccountUtilityInterface.go:57.19,57.49 1 0
newsapps/mocks/AccountUtilityInterface.go:59.2,59.13 1 0
newsapps/mocks/Handler.go:16.45,19.19 2 0
newsapps/mocks/Handler.go:19.19,20.47 1 0
newsapps/mocks/Handler.go:23.2,24.56 2 0
newsapps/mocks/Handler.go:24.56,26.3 1 0
newsapps/mocks/Handler.go:26.8,27.24 1 0
newsapps/mocks/Handler.go:27.24,29.4 1 0
newsapps/mocks/Handler.go:32.2,32.11 1 0
newsapps/mocks/Handler.go:36.48,39.19 2 0
newsapps/mocks/Handler.go:39.19,40.50 1 0
newsapps/mocks/Handler.go:43.2,44.56 2 0
newsapps/mocks/Handler.go:44.56,46.3 1 0
newsapps/mocks/Handler.go:46.8,47.24 1 0
newsapps/mocks/Handler.go:47.24,49.4 1 0
newsapps/mocks/Handler.go:52.2,52.11 1 0
newsapps/mocks/Handler.go:60.13,64.19 3 0
newsapps/mocks/Handler.go:64.19,64.49 1 0
newsapps/mocks/Handler.go:66.2,66.13 1 0
newsapps/mocks/JwtUtilityInterface.go:16.70,19.19 2 0
newsapps/mocks/JwtUtilityInterface.go:19.19,20.53 1 0
newsapps/mocks/JwtUtilityInterface.go:23.2,24.57 2 0
newsapps/mocks/JwtUtilityInterface.go:24.57,26.3 1 0
newsapps/mocks/JwtUtilityInterface.go:26.8,28.3 1 0
newsapps/mocks/JwtUtilityInterface.go:30.2,30.11 1 0
newsapps/mocks/JwtUtilityInterface.go:34.83,37.19 2 0
newsapps/mocks/JwtUtilityInterface.go:37.19,38.53 1 0
newsapps/mocks/JwtUtilityInterface.go:41.2,43.67 3 0
newsapps/mocks/JwtUtilityInterface.go:43.67,45.3 1 0
newsapps/mocks/JwtUtilityInterface.go:46.2,46.58 1 0
newsapps/mocks/JwtUtilityInterface.go:46.58,48.3 1 0
newsapps/mocks/JwtUtilityInterface.go:48.8,50.3 1 0
newsapps/mocks/JwtUtilityInterface.go:52.2,52.57 1 0
newsapps/mocks/JwtUtilityInterface.go:52.57,54.3 1 0
newsapps/mocks/JwtUtilityInterface.go:54.8,56.3 1 0
newsapps/mocks/JwtUtilityInterface.go:58.2,58.15 1 0
newsapps/mocks/JwtUtilityInterface.go:66.25,70.19 3 0
newsapps/mocks/JwtUtilityInterface.go:70.19,70.49 1 0
newsapps/mocks/JwtUtilityInterface.go:72.2,72.13 1 0
newsapps/mocks/PasswordUtilityInterface.go:13.91,16.19 2 0
newsapps/mocks/PasswordUtilityInterface.go:16.19,17.55 1 0
newsapps/mocks/PasswordUtilityInterface.go:20.2,21.59 2 0
newsapps/mocks/PasswordUtilityInterface.go:21.59,23.3 1 0
newsapps/mocks/PasswordUtilityInterface.go:23.8,25.3 1 0
newsapps/mocks/PasswordUtilityInterface.go:27.2,27.11 1 0
newsapps/mocks/PasswordUtilityInterface.go:31.88,34.19 2 0
newsapps/mocks/PasswordUtilityInterface.go:34.19,35.58 1 0
newsapps/mocks/PasswordUtilityInterface.go:38.2,40.61 3 0
newsapps/mocks/PasswordUtilityInterface.go:40.61,42.3 1 0
newsapps/mocks/PasswordUtilityInterface.go:43.2,43.52 1 0
newsapps/mocks/PasswordUtilityInterface.go:43.52,45.3 1 0
newsapps/mocks/PasswordUtilityInterface.go:45.8,46.24 1 0
newsapps/mocks/PasswordUtilityInterface.go:46.24,48.4 1 0
newsapps/mocks/PasswordUtilityInterface.go:51.2,51.51 1 0
newsapps/mocks/PasswordUtilityInterface.go:51.51,53.3 1 0
newsapps/mocks/PasswordUtilityInterface.go:53.8,55.3 1 0
newsapps/mocks/PasswordUtilityInterface.go:57.2,57.15 1 0
newsapps/mocks/PasswordUtilityInterface.go:65.30,69.19 3 0
newsapps/mocks/PasswordUtilityInterface.go:69.19,69.49 1 0
newsapps/mocks/PasswordUtilityInterface.go:71.2,71.13 1 0
newsapps/mocks/Query.go:17.59,20.19 2 0
newsapps/mocks/Query.go:20.19,21.47 1 0
newsapps/mocks/Query.go:24.2,26.66 3 0
newsapps/mocks/Query.go:26.66,28.3 1 0
newsapps/mocks/Query.go:29.2,29.57 1 0
newsapps/mocks/Query.go:29.57,31.3 1 0
newsapps/mocks/Query.go:31.8,33.3 1 0
newsapps/mocks/Query.go:35.2,35.51 1 0
newsapps/mocks/Query.go:35.51,37.3 1 0
newsapps/mocks/Query.go:37.8,39.3 1 0
newsapps/mocks/Query.go:41.2,41.15 1 0
newsapps/mocks/Query.go:45.54,48.19 2 0
newsapps/mocks/Query.go:48.19,49.50 1 0
newsapps/mocks/Query.go:52.2,53.56 2 0
newsapps/mocks/Query.go:53.56,55.3 1 0
newsapps/mocks/Query.go:55.8,57.3 1 0
newsapps/mocks/Query.go:59.2,59.11 1 0
newsapps/mocks/Query.go:67.11,71.19 3 0
newsapps/mocks/Query.go:71.19,71.49 1 0
newsapps/mocks/Query.go:73.2,73.13 1 0
newsapps/mocks/Services.go:17.87,20.19 2 0
newsapps/mocks/Services.go:20.19,21.47 1 0
newsapps/mocks/Services.go:24.2,27.82 4 0
newsapps/mocks/Services.go:27.82,29.3 1 0
newsapps/mocks/Services.go:30.2,30.65 1 0
newsapps/mocks/Services.go:30.65,32.3 1 0
newsapps/mocks/Services.go:32.8,34.3 1 0
newsapps/mocks/Services.go:36.2,36.60 1 0
newsapps/mocks/Services.go:36.60,38.3 1 0
newsapps/mocks/Services.go:38.8,40.3 1 0
newsapps/mocks/Services.go:42.2,42.59 1 0
newsapps/mocks/Services.go:42.59,44.3 1 0
newsapps/mocks/Services.go:44.8,46.3 1 0
newsapps/mocks/Services.go:48.2,48.19 1 0
newsapps/mocks/Services.go:52.57,55.19 2 0
newsapps/mocks/Services.go:55.19,56.50 1 0
newsapps/mocks/Services.go:59.2,60.56 2 0
newsapps/mocks/Services.go:60.56,62.3 1 0
newsapps/mocks/Services.go:62.8,64.3 1 0
newsapps/mocks/Services.go:66.2,66.11 1 0
newsapps/mocks/Services.go:74.14,78.19 3 0
newsapps/mocks/Services.go:78.19,78.49 1 0
newsapps/mocks/Services.go:80.2,80.13 1 0
newsapps/internal/features/users/repository/data.go:21.43,28.2 1 0
newsapps/internal/features/users/repository/data.go:30.55,36.2 1 0
newsapps/internal/features/users/repository/query.go:13.52,17.2 1 0
newsapps/internal/features/users/repository/query.go:19.63,22.16 3 0
newsapps/internal/features/users/repository/query.go:22.16,24.3 1 0
newsapps/internal/features/users/repository/query.go:25.2,25.35 1 0
newsapps/internal/features/users/repository/query.go:28.58,32.2 3 0
newsapps/internal/utils/jwt.go:18.42,20.2 1 0
newsapps/internal/utils/jwt.go:22.73,36.16 8 0
newsapps/internal/utils/jwt.go:36.16,38.3 1 0
newsapps/internal/utils/jwt.go:39.2,39.20 1 0
newsapps/internal/utils/jwt.go:42.60,46.26 3 0
newsapps/internal/utils/jwt.go:46.26,48.3 1 0
newsapps/internal/utils/jwt.go:50.2,50.38 1 0
newsapps/internal/utils/jwt.go:50.38,52.3 1 0
newsapps/internal/utils/jwt.go:54.2,54.15 1 0
newsapps/internal/utils/password.go:11.52,13.2 1 0
newsapps/internal/utils/password.go:15.79,17.16 2 0
newsapps/internal/utils/password.go:17.16,19.3 1 0
newsapps/internal/utils/password.go:20.2,20.20 1 0
newsapps/internal/utils/password.go:23.82,25.2 1 0
newsapps/internal/utils/validator.go:20.70,24.2 1 0
newsapps/internal/utils/validator.go:26.91,28.16 2 0
newsapps/internal/utils/validator.go:28.16,31.3 2 0
newsapps/internal/utils/validator.go:32.2,32.12 1 0
newsapps/internal/utils/validator.go:35.104,37.16 2 0
newsapps/internal/utils/validator.go:37.16,40.3 2 0
newsapps/internal/utils/validator.go:41.2,41.12 1 0
newsapps/internal/features/users/handler/handler_user.go:15.56,19.2 1 1
newsapps/internal/features/users/handler/handler_user.go:21.55,22.36 1 1
newsapps/internal/features/users/handler/handler_user.go:22.36,25.17 3 1
newsapps/internal/features/users/handler/handler_user.go:25.17,27.4 1 1
newsapps/internal/features/users/handler/handler_user.go:28.3,29.17 2 1
newsapps/internal/features/users/handler/handler_user.go:29.17,31.4 1 1
newsapps/internal/features/users/handler/handler_user.go:32.3,32.107 1 1
newsapps/internal/features/users/handler/handler_user.go:36.52,37.36 1 1
newsapps/internal/features/users/handler/handler_user.go:37.36,40.17 3 1
newsapps/internal/features/users/handler/handler_user.go:40.17,42.4 1 1
newsapps/internal/features/users/handler/handler_user.go:43.3,45.17 2 1
newsapps/internal/features/users/handler/handler_user.go:45.17,47.4 1 1
newsapps/internal/features/users/handler/handler_user.go:49.3,49.140 1 1
newsapps/internal/features/users/handler/request.go:18.50,24.2 1 1
newsapps/internal/features/users/handler/response.go:12.54,18.2 1 1
newsapps/internal/helper/response.go:3.72,7.17 4 1
newsapps/internal/helper/response.go:7.17,9.3 1 0
newsapps/internal/helper/response.go:10.2,10.15 1 1
newsapps/mocks/AccountUtilityInterface.go:13.100,16.19 2 0
newsapps/mocks/AccountUtilityInterface.go:16.19,17.64 1 0
newsapps/mocks/AccountUtilityInterface.go:20.2,21.59 2 0
newsapps/mocks/AccountUtilityInterface.go:21.59,23.3 1 0
newsapps/mocks/AccountUtilityInterface.go:23.8,25.3 1 0
newsapps/mocks/AccountUtilityInterface.go:27.2,27.11 1 0
newsapps/mocks/AccountUtilityInterface.go:31.113,34.19 2 0
newsapps/mocks/AccountUtilityInterface.go:34.19,35.59 1 0
newsapps/mocks/AccountUtilityInterface.go:38.2,39.67 2 0
newsapps/mocks/AccountUtilityInterface.go:39.67,41.3 1 0
newsapps/mocks/AccountUtilityInterface.go:41.8,43.3 1 0
newsapps/mocks/AccountUtilityInterface.go:45.2,45.11 1 0
newsapps/mocks/AccountUtilityInterface.go:53.29,57.19 3 0
newsapps/mocks/AccountUtilityInterface.go:57.19,57.49 1 0
newsapps/mocks/AccountUtilityInterface.go:59.2,59.13 1 0
newsapps/mocks/Handler.go:16.45,19.19 2 0
newsapps/mocks/Handler.go:19.19,20.47 1 0
newsapps/mocks/Handler.go:23.2,24.56 2 0
newsapps/mocks/Handler.go:24.56,26.3 1 0
newsapps/mocks/Handler.go:26.8,27.24 1 0
newsapps/mocks/Handler.go:27.24,29.4 1 0
newsapps/mocks/Handler.go:32.2,32.11 1 0
newsapps/mocks/Handler.go:36.48,39.19 2 0
newsapps/mocks/Handler.go:39.19,40.50 1 0
newsapps/mocks/Handler.go:43.2,44.56 2 0
newsapps/mocks/Handler.go:44.56,46.3 1 0
newsapps/mocks/Handler.go:46.8,47.24 1 0
newsapps/mocks/Handler.go:47.24,49.4 1 0
newsapps/mocks/Handler.go:52.2,52.11 1 0
newsapps/mocks/Handler.go:60.13,64.19 3 0
newsapps/mocks/Handler.go:64.19,64.49 1 0
newsapps/mocks/Handler.go:66.2,66.13 1 0
newsapps/mocks/JwtUtilityInterface.go:16.70,19.19 2 0
newsapps/mocks/JwtUtilityInterface.go:19.19,20.53 1 0
newsapps/mocks/JwtUtilityInterface.go:23.2,24.57 2 0
newsapps/mocks/JwtUtilityInterface.go:24.57,26.3 1 0
newsapps/mocks/JwtUtilityInterface.go:26.8,28.3 1 0
newsapps/mocks/JwtUtilityInterface.go:30.2,30.11 1 0
newsapps/mocks/JwtUtilityInterface.go:34.83,37.19 2 0
newsapps/mocks/JwtUtilityInterface.go:37.19,38.53 1 0
newsapps/mocks/JwtUtilityInterface.go:41.2,43.67 3 0
newsapps/mocks/JwtUtilityInterface.go:43.67,45.3 1 0
newsapps/mocks/JwtUtilityInterface.go:46.2,46.58 1 0
newsapps/mocks/JwtUtilityInterface.go:46.58,48.3 1 0
newsapps/mocks/JwtUtilityInterface.go:48.8,50.3 1 0
newsapps/mocks/JwtUtilityInterface.go:52.2,52.57 1 0
newsapps/mocks/JwtUtilityInterface.go:52.57,54.3 1 0
newsapps/mocks/JwtUtilityInterface.go:54.8,56.3 1 0
newsapps/mocks/JwtUtilityInterface.go:58.2,58.15 1 0
newsapps/mocks/JwtUtilityInterface.go:66.25,70.19 3 0
newsapps/mocks/JwtUtilityInterface.go:70.19,70.49 1 0
newsapps/mocks/JwtUtilityInterface.go:72.2,72.13 1 0
newsapps/mocks/PasswordUtilityInterface.go:13.91,16.19 2 0
newsapps/mocks/PasswordUtilityInterface.go:16.19,17.55 1 0
newsapps/mocks/PasswordUtilityInterface.go:20.2,21.59 2 0
newsapps/mocks/PasswordUtilityInterface.go:21.59,23.3 1 0
newsapps/mocks/PasswordUtilityInterface.go:23.8,25.3 1 0
newsapps/mocks/PasswordUtilityInterface.go:27.2,27.11 1 0
newsapps/mocks/PasswordUtilityInterface.go:31.88,34.19 2 0
newsapps/mocks/PasswordUtilityInterface.go:34.19,35.58 1 0
newsapps/mocks/PasswordUtilityInterface.go:38.2,40.61 3 0
newsapps/mocks/PasswordUtilityInterface.go:40.61,42.3 1 0
newsapps/mocks/PasswordUtilityInterface.go:43.2,43.52 1 0
newsapps/mocks/PasswordUtilityInterface.go:43.52,45.3 1 0
newsapps/mocks/PasswordUtilityInterface.go:45.8,46.24 1 0
newsapps/mocks/PasswordUtilityInterface.go:46.24,48.4 1 0
newsapps/mocks/PasswordUtilityInterface.go:51.2,51.51 1 0
newsapps/mocks/PasswordUtilityInterface.go:51.51,53.3 1 0
newsapps/mocks/PasswordUtilityInterface.go:53.8,55.3 1 0
newsapps/mocks/PasswordUtilityInterface.go:57.2,57.15 1 0
newsapps/mocks/PasswordUtilityInterface.go:65.30,69.19 3 0
newsapps/mocks/PasswordUtilityInterface.go:69.19,69.49 1 0
newsapps/mocks/PasswordUtilityInterface.go:71.2,71.13 1 0
newsapps/mocks/Query.go:17.59,20.19 2 0
newsapps/mocks/Query.go:20.19,21.47 1 0
newsapps/mocks/Query.go:24.2,26.66 3 0
newsapps/mocks/Query.go:26.66,28.3 1 0
newsapps/mocks/Query.go:29.2,29.57 1 0
newsapps/mocks/Query.go:29.57,31.3 1 0
newsapps/mocks/Query.go:31.8,33.3 1 0
newsapps/mocks/Query.go:35.2,35.51 1 0
newsapps/mocks/Query.go:35.51,37.3 1 0
newsapps/mocks/Query.go:37.8,39.3 1 0
newsapps/mocks/Query.go:41.2,41.15 1 0
newsapps/mocks/Query.go:45.54,48.19 2 0
newsapps/mocks/Query.go:48.19,49.50 1 0
newsapps/mocks/Query.go:52.2,53.56 2 0
newsapps/mocks/Query.go:53.56,55.3 1 0
newsapps/mocks/Query.go:55.8,57.3 1 0
newsapps/mocks/Query.go:59.2,59.11 1 0
newsapps/mocks/Query.go:67.11,71.19 3 0
newsapps/mocks/Query.go:71.19,71.49 1 0
newsapps/mocks/Query.go:73.2,73.13 1 0
newsapps/mocks/Services.go:17.87,20.19 2 1
newsapps/mocks/Services.go:20.19,21.47 1 0
newsapps/mocks/Services.go:24.2,27.82 4 1
newsapps/mocks/Services.go:27.82,29.3 1 0
newsapps/mocks/Services.go:30.2,30.65 1 1
newsapps/mocks/Services.go:30.65,32.3 1 0
newsapps/mocks/Services.go:32.8,34.3 1 1
newsapps/mocks/Services.go:36.2,36.60 1 1
newsapps/mocks/Services.go:36.60,38.3 1 0
newsapps/mocks/Services.go:38.8,40.3 1 1
newsapps/mocks/Services.go:42.2,42.59 1 1
newsapps/mocks/Services.go:42.59,44.3 1 0
newsapps/mocks/Services.go:44.8,46.3 1 1
newsapps/mocks/Services.go:48.2,48.19 1 1
newsapps/mocks/Services.go:52.57,55.19 2 1
newsapps/mocks/Services.go:55.19,56.50 1 0
newsapps/mocks/Services.go:59.2,60.56 2 1
newsapps/mocks/Services.go:60.56,62.3 1 0
newsapps/mocks/Services.go:62.8,64.3 1 1
newsapps/mocks/Services.go:66.2,66.11 1 1
newsapps/mocks/Services.go:74.14,78.19 3 1
newsapps/mocks/Services.go:78.19,78.49 1 1
newsapps/mocks/Services.go:80.2,80.13 1 1
newsapps/configs/config.go:23.30,26.16 3 0
newsapps/configs/config.go:26.16,28.3 1 0
newsapps/configs/config.go:29.2,36.15 7 0
newsapps/configs/config.go:39.45,47.16 3 0
newsapps/configs/config.go:47.16,50.3 2 0
newsapps/configs/config.go:52.2,52.16 1 0
newsapps/internal/features/users/services/service.go:20.147,27.2 1 1
newsapps/internal/features/users/services/service.go:29.61,32.16 2 1
newsapps/internal/features/users/services/service.go:32.16,35.3 2 1
newsapps/internal/features/users/services/service.go:37.2,38.16 2 1
newsapps/internal/features/users/services/service.go:38.16,40.65 2 1
newsapps/internal/features/users/services/service.go:40.65,42.4 1 0
newsapps/internal/features/users/services/service.go:43.3,43.13 1 1
newsapps/internal/features/users/services/service.go:45.2,49.16 3 1
newsapps/internal/features/users/services/service.go:49.16,52.3 2 1
newsapps/internal/features/users/services/service.go:53.2,53.12 1 1
newsapps/internal/features/users/services/service.go:56.91,60.16 2 1
newsapps/internal/features/users/services/service.go:60.16,63.3 2 1
newsapps/internal/features/users/services/service.go:65.2,66.16 2 1
newsapps/internal/features/users/services/service.go:66.16,69.3 1 1
newsapps/internal/features/users/services/service.go:71.2,73.16 2 1
newsapps/internal/features/users/services/service.go:73.16,76.3 1 1
newsapps/internal/features/users/services/service.go:78.2,79.16 2 1
newsapps/internal/features/users/services/service.go:79.16,82.3 1 1
newsapps/internal/features/users/services/service.go:84.2,84.27 1 1
newsapps/internal/utils/jwt.go:18.42,20.2 1 0
newsapps/internal/utils/jwt.go:22.73,36.16 8 0
newsapps/internal/utils/jwt.go:36.16,38.3 1 0
newsapps/internal/utils/jwt.go:39.2,39.20 1 0
newsapps/internal/utils/jwt.go:42.60,46.26 3 0
newsapps/internal/utils/jwt.go:46.26,48.3 1 0
newsapps/internal/utils/jwt.go:50.2,50.38 1 0
newsapps/internal/utils/jwt.go:50.38,52.3 1 0
newsapps/internal/utils/jwt.go:54.2,54.15 1 0
newsapps/internal/utils/password.go:11.52,13.2 1 0
newsapps/internal/utils/password.go:15.79,17.16 2 0
newsapps/internal/utils/password.go:17.16,19.3 1 0
newsapps/internal/utils/password.go:20.2,20.20 1 0
newsapps/internal/utils/password.go:23.82,25.2 1 0
newsapps/internal/utils/validator.go:20.70,24.2 1 0
newsapps/internal/utils/validator.go:26.91,28.16 2 0
newsapps/internal/utils/validator.go:28.16,31.3 2 0
newsapps/internal/utils/validator.go:32.2,32.12 1 0
newsapps/internal/utils/validator.go:35.104,37.16 2 0
newsapps/internal/utils/validator.go:37.16,40.3 2 0
newsapps/internal/utils/validator.go:41.2,41.12 1 0
newsapps/mocks/AccountUtilityInterface.go:13.100,16.19 2 1
newsapps/mocks/AccountUtilityInterface.go:16.19,17.64 1 0
newsapps/mocks/AccountUtilityInterface.go:20.2,21.59 2 1
newsapps/mocks/AccountUtilityInterface.go:21.59,23.3 1 0
newsapps/mocks/AccountUtilityInterface.go:23.8,25.3 1 1
newsapps/mocks/AccountUtilityInterface.go:27.2,27.11 1 1
newsapps/mocks/AccountUtilityInterface.go:31.113,34.19 2 1
newsapps/mocks/AccountUtilityInterface.go:34.19,35.59 1 0
newsapps/mocks/AccountUtilityInterface.go:38.2,39.67 2 1
newsapps/mocks/AccountUtilityInterface.go:39.67,41.3 1 0
newsapps/mocks/AccountUtilityInterface.go:41.8,43.3 1 1
newsapps/mocks/AccountUtilityInterface.go:45.2,45.11 1 1
newsapps/mocks/AccountUtilityInterface.go:53.29,57.19 3 1
newsapps/mocks/AccountUtilityInterface.go:57.19,57.49 1 1
newsapps/mocks/AccountUtilityInterface.go:59.2,59.13 1 1
newsapps/mocks/Handler.go:16.45,19.19 2 0
newsapps/mocks/Handler.go:19.19,20.47 1 0
newsapps/mocks/Handler.go:23.2,24.56 2 0
newsapps/mocks/Handler.go:24.56,26.3 1 0
newsapps/mocks/Handler.go:26.8,27.24 1 0
newsapps/mocks/Handler.go:27.24,29.4 1 0
newsapps/mocks/Handler.go:32.2,32.11 1 0
newsapps/mocks/Handler.go:36.48,39.19 2 0
newsapps/mocks/Handler.go:39.19,40.50 1 0
newsapps/mocks/Handler.go:43.2,44.56 2 0
newsapps/mocks/Handler.go:44.56,46.3 1 0
newsapps/mocks/Handler.go:46.8,47.24 1 0
newsapps/mocks/Handler.go:47.24,49.4 1 0
newsapps/mocks/Handler.go:52.2,52.11 1 0
newsapps/mocks/Handler.go:60.13,64.19 3 0
newsapps/mocks/Handler.go:64.19,64.49 1 0
newsapps/mocks/Handler.go:66.2,66.13 1 0
newsapps/mocks/JwtUtilityInterface.go:16.70,19.19 2 0
newsapps/mocks/JwtUtilityInterface.go:19.19,20.53 1 0
newsapps/mocks/JwtUtilityInterface.go:23.2,24.57 2 0
newsapps/mocks/JwtUtilityInterface.go:24.57,26.3 1 0
newsapps/mocks/JwtUtilityInterface.go:26.8,28.3 1 0
newsapps/mocks/JwtUtilityInterface.go:30.2,30.11 1 0
newsapps/mocks/JwtUtilityInterface.go:34.83,37.19 2 1
newsapps/mocks/JwtUtilityInterface.go:37.19,38.53 1 0
newsapps/mocks/JwtUtilityInterface.go:41.2,43.67 3 1
newsapps/mocks/JwtUtilityInterface.go:43.67,45.3 1 0
newsapps/mocks/JwtUtilityInterface.go:46.2,46.58 1 1
newsapps/mocks/JwtUtilityInterface.go:46.58,48.3 1 0
newsapps/mocks/JwtUtilityInterface.go:48.8,50.3 1 1
newsapps/mocks/JwtUtilityInterface.go:52.2,52.57 1 1
newsapps/mocks/JwtUtilityInterface.go:52.57,54.3 1 0
newsapps/mocks/JwtUtilityInterface.go:54.8,56.3 1 1
newsapps/mocks/JwtUtilityInterface.go:58.2,58.15 1 1
newsapps/mocks/JwtUtilityInterface.go:66.25,70.19 3 1
newsapps/mocks/JwtUtilityInterface.go:70.19,70.49 1 1
newsapps/mocks/JwtUtilityInterface.go:72.2,72.13 1 1
newsapps/mocks/PasswordUtilityInterface.go:13.91,16.19 2 1
newsapps/mocks/PasswordUtilityInterface.go:16.19,17.55 1 0
newsapps/mocks/PasswordUtilityInterface.go:20.2,21.59 2 1
newsapps/mocks/PasswordUtilityInterface.go:21.59,23.3 1 0
newsapps/mocks/PasswordUtilityInterface.go:23.8,25.3 1 1
newsapps/mocks/PasswordUtilityInterface.go:27.2,27.11 1 1
newsapps/mocks/PasswordUtilityInterface.go:31.88,34.19 2 1
newsapps/mocks/PasswordUtilityInterface.go:34.19,35.58 1 0
newsapps/mocks/PasswordUtilityInterface.go:38.2,40.61 3 1
newsapps/mocks/PasswordUtilityInterface.go:40.61,42.3 1 0
newsapps/mocks/PasswordUtilityInterface.go:43.2,43.52 1 1
newsapps/mocks/PasswordUtilityInterface.go:43.52,45.3 1 0
newsapps/mocks/PasswordUtilityInterface.go:45.8,46.24 1 1
newsapps/mocks/PasswordUtilityInterface.go:46.24,48.4 1 1
newsapps/mocks/PasswordUtilityInterface.go:51.2,51.51 1 1
newsapps/mocks/PasswordUtilityInterface.go:51.51,53.3 1 0
newsapps/mocks/PasswordUtilityInterface.go:53.8,55.3 1 1
newsapps/mocks/PasswordUtilityInterface.go:57.2,57.15 1 1
newsapps/mocks/PasswordUtilityInterface.go:65.30,69.19 3 1
newsapps/mocks/PasswordUtilityInterface.go:69.19,69.49 1 1
newsapps/mocks/PasswordUtilityInterface.go:71.2,71.13 1 1
newsapps/mocks/Query.go:17.59,20.19 2 1
newsapps/mocks/Query.go:20.19,21.47 1 0
newsapps/mocks/Query.go:24.2,26.66 3 1
newsapps/mocks/Query.go:26.66,28.3 1 0
newsapps/mocks/Query.go:29.2,29.57 1 1
newsapps/mocks/Query.go:29.57,31.3 1 0
newsapps/mocks/Query.go:31.8,33.3 1 1
newsapps/mocks/Query.go:35.2,35.51 1 1
newsapps/mocks/Query.go:35.51,37.3 1 0
newsapps/mocks/Query.go:37.8,39.3 1 1
newsapps/mocks/Query.go:41.2,41.15 1 1
newsapps/mocks/Query.go:45.54,48.19 2 1
newsapps/mocks/Query.go:48.19,49.50 1 0
newsapps/mocks/Query.go:52.2,53.56 2 1
newsapps/mocks/Query.go:53.56,55.3 1 0
newsapps/mocks/Query.go:55.8,57.3 1 1
newsapps/mocks/Query.go:59.2,59.11 1 1
newsapps/mocks/Query.go:67.11,71.19 3 1
newsapps/mocks/Query.go:71.19,71.49 1 1
newsapps/mocks/Query.go:73.2,73.13 1 1
newsapps/mocks/Services.go:17.87,20.19 2 0
newsapps/mocks/Services.go:20.19,21.47 1 0
newsapps/mocks/Services.go:24.2,27.82 4 0
newsapps/mocks/Services.go:27.82,29.3 1 0
newsapps/mocks/Services.go:30.2,30.65 1 0
newsapps/mocks/Services.go:30.65,32.3 1 0
newsapps/mocks/Services.go:32.8,34.3 1 0
newsapps/mocks/Services.go:36.2,36.60 1 0
newsapps/mocks/Services.go:36.60,38.3 1 0
newsapps/mocks/Services.go:38.8,40.3 1 0
newsapps/mocks/Services.go:42.2,42.59 1 0
newsapps/mocks/Services.go:42.59,44.3 1 0
newsapps/mocks/Services.go:44.8,46.3 1 0
newsapps/mocks/Services.go:48.2,48.19 1 0
newsapps/mocks/Services.go:52.57,55.19 2 0
newsapps/mocks/Services.go:55.19,56.50 1 0
newsapps/mocks/Services.go:59.2,60.56 2 0
newsapps/mocks/Services.go:60.56,62.3 1 0
newsapps/mocks/Services.go:62.8,64.3 1 0
newsapps/mocks/Services.go:66.2,66.11 1 0
newsapps/mocks/Services.go:74.14,78.19 3 0
newsapps/mocks/Services.go:78.19,78.49 1 0
newsapps/mocks/Services.go:80.2,80.13 1 0
